C51 COMPILER V9.52.0.0   LAB5_Q1                                                           08/25/2014 15:54:37 PAGE 1   


C51 COMPILER V9.52.0.0, COMPILATION OF MODULE LAB5_Q1
OBJECT MODULE PLACED IN .\lab5_q1.obj
COMPILER INVOKED BY: C:\Keil\C51\BIN\C51.EXE ..\lab5\lab5_q1.c BROWSE DEBUG OBJECTEXTEND PRINT(.\lab5_q1.lst) TABS(2) OB
                    -JECT(.\lab5_q1.obj)

line level    source

   1          #include <AT89C5131.h>
   2          //*******DECLARING VARIABLES**********************************
   3          
   4          
   5            
   6            sbit out = P0^0;
   7            bit enablebit=1;
   8            unsigned int HT=0xFFFF;
   9            
  10            void serial_int (void) interrupt 1
  11            { 
  12   1          if (enablebit==1)
  13   1          {
  14   2            TR0=0;
  15   2            TH0=HT>>8 & 0x00FF;
  16   2            TL0=HT & 0x00FF;
  17   2            TR0=1;
  18   2            out=~out;
  19   2          }
  20   1        } 
  21            
  22            void main(){
  23   1          ET0=1;
  24   1          ET1=1;
  25   1          EA=1;
  26   1          TR0=1;
  27   1          while(1);
  28   1        }


MODULE INFORMATION:   STATIC OVERLAYABLE
   CODE SIZE        =     32    ----
   CONSTANT SIZE    =   ----    ----
   XDATA SIZE       =   ----    ----
   PDATA SIZE       =   ----    ----
   DATA SIZE        =      2    ----
   IDATA SIZE       =   ----    ----
   BIT SIZE         =      1    ----
END OF MODULE INFORMATION.


C51 COMPILATION COMPLETE.  0 WARNING(S),  0 ERROR(S)
