A51 MACRO ASSEMBLER  LAB7Q1                                                               09/22/2014 16:44:06 PAGE     1


MACRO ASSEMBLER A51 V8.02b
OBJECT MODULE PLACED IN .\lab7q1.obj
ASSEMBLER INVOKED BY: C:\Keil\C51\BIN\A51.EXE ..\lab7\lab7q1.asm SET(SMALL) DEBUG PRINT(.\lab7q1.lst) OBJECT(.\lab7q1.ob
                      j) EP

LOC  OBJ            LINE     SOURCE

  00C3                 1     SPCON EQU 0C3H
  00C4                 2     SPSTA EQU 0C4H
  00C5                 3     SPDAT EQU 0C5H
                       4     
                       5     
0000                   6     org 000H 
0000 020100            7     ljmp MAIN
0100                   8     org 0100H 
                       9     
0100                  10     MAIN:
0100 D2A1             11             SETB P2.1                       ;DACEnable
0102 D2A2             12             SETB P2.2                       ;ADCEnable
0104 C2A0             13             CLR P2.0                        ;LDAC
0106 75C37D           14             MOV SPCON,#01111101B;BaudRate=3MHz
0109 7870             15             MOV R0,#01110000B
010B 7900             16             MOV R1,#000H
                      17                     
010D                  18     LOOPINC:                
010D C2A1             19             CLR P2.1
010F 88C5             20             MOV SPDAT,R0
0111                  21             SPIF1:
0111 E5C4             22             MOV A,SPSTA
0113 30E7FB           23             JNB ACC.7,SPIF1
0116 89C5             24             MOV SPDAT,R1
0118                  25             SPIF2:
0118 E5C4             26             MOV A,SPSTA
011A 30E7FB           27             JNB ACC.7,SPIF2
011D D2A1             28             SETB P2.1
011F 120147           29             lcall delaysub
                      30             
0122 08               31             INC R0
0123 B87FE7           32             CJNE R0,#01111111b,LOOPINC
0126 120147           33             lcall delaysub
                      34             
0129                  35     LOOPDEC:        
0129 7900             36             MOV R1,#000H
012B 18               37             DEC R0
012C C2A1             38             CLR P2.1
012E 88C5             39             MOV SPDAT,R0
0130                  40             SPIF3:
0130 E5C4             41             MOV A,SPSTA
0132 30E7FB           42             JNB ACC.7,SPIF3
0135 89C5             43             MOV SPDAT,R1
0137                  44             SPIF4:
0137 E5C4             45             MOV A,SPSTA
0139 30E7FB           46             JNB ACC.7,SPIF4
013C D2A1             47             SETB P2.1
013E 120147           48             lcall delaysub
                      49             
0141 B870E5           50             CJNE R0,#01110000B,LOOPDEC
0144 020100           51             ljmp MAIN
                      52                     
0147                  53     delaysub:                                               ;0.5/8ms
0147 7C10             54             MOV R4,#010H
0149                  55             delay:
0149 DCFE             56             DJNZ R4,delay
014B 22               57             ret
A51 MACRO ASSEMBLER  LAB7Q1                                                               09/22/2014 16:44:06 PAGE     2

                      58                             
                      59     end             
A51 MACRO ASSEMBLER  LAB7Q1                                                               09/22/2014 16:44:06 PAGE     3

SYMBOL TABLE LISTING
------ ----- -------


N A M E             T Y P E  V A L U E   ATTRIBUTES

ACC. . . . . . . .  D ADDR   00E0H   A   
DELAY. . . . . . .  C ADDR   0149H   A   
DELAYSUB . . . . .  C ADDR   0147H   A   
LOOPDEC. . . . . .  C ADDR   0129H   A   
LOOPINC. . . . . .  C ADDR   010DH   A   
MAIN . . . . . . .  C ADDR   0100H   A   
P2 . . . . . . . .  D ADDR   00A0H   A   
SPCON. . . . . . .  N NUMB   00C3H   A   
SPDAT. . . . . . .  N NUMB   00C5H   A   
SPIF1. . . . . . .  C ADDR   0111H   A   
SPIF2. . . . . . .  C ADDR   0118H   A   
SPIF3. . . . . . .  C ADDR   0130H   A   
SPIF4. . . . . . .  C ADDR   0137H   A   
SPSTA. . . . . . .  N NUMB   00C4H   A   


REGISTER BANK(S) USED: 0 


ASSEMBLY COMPLETE.  0 WARNING(S), 0 ERROR(S)
