C51 COMPILER V9.53.0.0   DELAY                                                             09/29/2014 15:51:44 PAGE 1   


C51 COMPILER V9.53.0.0, COMPILATION OF MODULE DELAY
OBJECT MODULE PLACED IN delay.OBJ
COMPILER INVOKED BY: C:\Keil_v5\C51\BIN\C51.EXE delay.c OPTIMIZE(8,SPEED) BROWSE DEBUG OBJECTEXTEND TABS(2)

line level    source

   1          #include<reg51.h>
   2          
   3          void delay_us(unsigned int us_count)
   4          {
   5   1        while (us_count != 0)
   6   1        {
   7   2          us_count--;
   8   2        }
   9   1      }
  10          
  11          void delay_ms(unsigned int ms_count)
  12          {
  13   1        while (ms_count != 0)
  14   1        {
  15   2          delay_us(80);  //delay_us is called to generate 1ms delay
  16   2          ms_count--;
  17   2        }
  18   1      }
  19          
  20          void delay_sec(unsigned char sec_count)
  21          {
  22   1        while (sec_count != 0)
  23   1        {
  24   2          delay_ms(1000); //delay_ms is called to generate 1sec delay
  25   2          sec_count--;
  26   2        }
  27   1      }


MODULE INFORMATION:   STATIC OVERLAYABLE
   CODE SIZE        =     51    ----
   CONSTANT SIZE    =   ----    ----
   XDATA SIZE       =   ----    ----
   PDATA SIZE       =   ----    ----
   DATA SIZE        =   ----    ----
   IDATA SIZE       =   ----    ----
   BIT SIZE         =   ----    ----
END OF MODULE INFORMATION.


C51 COMPILATION COMPLETE.  0 WARNING(S),  0 ERROR(S)
