C51 COMPILER V9.53.0.0   SOURCE                                                            09/29/2014 16:13:54 PAGE 1   


C51 COMPILER V9.53.0.0, COMPILATION OF MODULE SOURCE
OBJECT MODULE PLACED IN Source.OBJ
COMPILER INVOKED BY: C:\Keil_v5\C51\BIN\C51.EXE Source.c OPTIMIZE(8,SPEED) BROWSE DEBUG OBJECTEXTEND TABS(2)

line level    source

   1          #include<AT89C5131.h>
   2          #include<delay.h>
   3          #include<i2c.h>
   4          #include<rtc.h>
   5          #include<lcd.h>
   6          
   7          void main(){
   8   1        char *dayNames[7] = { "MON", "TUE", "WED", "THU", "FRI", "SAT", "SUN" };
   9   1        char *monthName[12] = { "JAN", "FEB", "MAR", "APR", "JUN", "JUL", "AUG", "SEP", "OCT", "NOV", "DEC" };
  10   1        unsigned char sec, min, hour, day, date, month, year;
  11   1        
  12   1        lcdReset();
  13   1        lcdInit();
  14   1        
  15   1        rtcInit();
  16   1        
  17   1        rtcSetTime(0x11,0x59,0x0);
  18   1        rtcSetDate(0x3,0x26,0x8,0x14);
  19   1        
  20   1        
  21   1        while(1){
  22   2        rtcGetTime(&hour, &min, &sec);
  23   2        rtcGetDate(&day, &date, &month, &year);
  24   2        lcdString(" ");
  25   2        lcdString(dayNames[day]);
  26   2        lcdString(" ");
  27   2        lcdx8(date);
  28   2        lcdString(" ");
  29   2        lcdString(monthName[month]);
  30   2        lcdString(" 20");
  31   2        lcdx8(year);
  32   2        lcdXY(1,0);
  33   2        lcdString("    ");
  34   2        lcdx8(hour);
  35   2        lcdString(":");
  36   2        lcdx8(min);
  37   2        lcdString(":");
  38   2        lcdx8(sec);
  39   2        lcdString("    ");
  40   2        
  41   2        delay_sec(1);
  42   2              lcdClear();
  43   2      }
  44   1        
  45   1      }


MODULE INFORMATION:   STATIC OVERLAYABLE
   CODE SIZE        =    286    ----
   CONSTANT SIZE    =    142    ----
   XDATA SIZE       =   ----    ----
   PDATA SIZE       =   ----    ----
   DATA SIZE        =   ----      64
   IDATA SIZE       =   ----    ----
   BIT SIZE         =   ----    ----
C51 COMPILER V9.53.0.0   SOURCE                                                            09/29/2014 16:13:54 PAGE 2   

END OF MODULE INFORMATION.


C51 COMPILATION COMPLETE.  0 WARNING(S),  0 ERROR(S)
